<?xml version="1.0" encoding="UTF-8"?>
<testsuite xmlns:xsi="http://www.w3.org/2001/XMLSchema-instance" xsi:noNamespaceSchemaLocation="https://maven.apache.org/surefire/maven-surefire-plugin/xsd/surefire-test-report-3.0.xsd" version="3.0" name="com.example.app.AppApplicationTests" time="3.188" tests="1" errors="0" skipped="0" failures="0">
  <properties>
[...]
</properties>
  <testcase name="contextLoads" classname="com.example.app.AppApplicationTests" time="0.982">
    <system-out><![CDATA[23:30:32.471 [main] INFO org.springframework.test.context.support.AnnotationConfigContextLoaderUtils -- Could not detect default configuration classes for test class [com.example.app.AppApplicationTests]: AppApplicationTests does not declare any static, non-private, non-final, nested classes annotated with @Configuration.
23:30:32.616 [main] INFO org.springframework.boot.test.context.SpringBootTestContextBootstrapper -- Found @SpringBootConfiguration com.example.app.AppApplication for test class com.example.app.AppApplicationTests

  .   ____          _            __ _ _
 /\\ / ___'_ __ _ _(_)_ __  __ _ \ \ \ \
( ( )\___ | '_ | '_| | '_ \/ _` | \ \ \ \
 \\/  ___)| |_)| | | | | || (_| |  ) ) ) )
  '  |____| .__|_| |_|_| |_\__, | / / / /
 =========|_|==============|___/=/_/_/_/
 :: Spring Boot ::                (v3.1.2)

2023-08-10T23:30:33.130+09:00  INFO 13432 --- [           main] com.example.app.AppApplicationTests      : Starting AppApplicationTests using Java 17.0.1 with PID 13432 (started by naoki in c:\Users\naoki\create\spring_docker2\app)
2023-08-10T23:30:33.130+09:00  INFO 13432 --- [           main] com.example.app.AppApplicationTests      : No active profile set, falling back to 1 default profile: "default"
2023-08-10T23:30:34.471+09:00  INFO 13432 --- [           main] com.example.app.AppApplicationTests      : Started AppApplicationTests in 1.676 seconds (process running for 3.038)
]]></system-out>
  </testcase>
</testsuite>